warning: unused import: `crate::setting::Setting`
 --> /home/jeff/Nextcloud/Development/v4.savaged.us/savaged-libs/src/player_character/imports.rs:2:5
  |
2 | use crate::setting::Setting;
  |     ^^^^^^^^^^^^^^^^^^^^^^^
  |
  = note: `#[warn(unused_imports)]` on by default

warning: unused import: `chrono::prelude::*`
 --> /home/jeff/Nextcloud/Development/v4.savaged.us/savaged-libs/src/player_character/imports.rs:3:5
  |
3 | use chrono::prelude::*;
  |     ^^^^^^^^^^^^^^^^^^

warning: unused import: `super::edge::Edge`
 --> /home/jeff/Nextcloud/Development/v4.savaged.us/savaged-libs/src/player_character/imports.rs:7:5
  |
7 | use super::edge::Edge;
  |     ^^^^^^^^^^^^^^^^^

warning: unused import: `super::hindrance::Hindrance`
 --> /home/jeff/Nextcloud/Development/v4.savaged.us/savaged-libs/src/player_character/imports.rs:8:5
  |
8 | use super::hindrance::Hindrance;
  |     ^^^^^^^^^^^^^^^^^^^^^^^^^^^

warning: unused import: `super::utils::bool_from_int_or_bool`
 --> /home/jeff/Nextcloud/Development/v4.savaged.us/savaged-libs/src/save_db_row.rs:5:5
  |
5 | use super::utils::bool_from_int_or_bool;
  |     ^^^^^^^^^^^^^^^^^^^^^^^^^^^^^^^^^^^

warning: unused import: `Deserializer`
 --> /home/jeff/Nextcloud/Development/v4.savaged.us/savaged-libs/src/game_data_row.rs:1:37
  |
1 | use serde::{Serialize, Deserialize, Deserializer};
  |                                     ^^^^^^^^^^^^

warning: unused import: `chrono_tz::Tz`
 --> /home/jeff/Nextcloud/Development/v4.savaged.us/savaged-libs/src/game_data_row.rs:3:5
  |
3 | use chrono_tz::Tz;
  |     ^^^^^^^^^^^^^

warning: unused variable: `import_json_string`
 --> /home/jeff/Nextcloud/Development/v4.savaged.us/savaged-libs/src/setting/imports.rs:7:9
  |
7 |         import_json_string: String,
  |         ^^^^^^^^^^^^^^^^^^ help: if this is intentional, prefix it with an underscore: `_import_json_string`
  |
  = note: `#[warn(unused_variables)]` on by default

warning: unused variable: `available_data`
  --> /home/jeff/Nextcloud/Development/v4.savaged.us/savaged-libs/src/setting/mod.rs:42:9
   |
42 |         available_data: GameDataPackage,
   |         ^^^^^^^^^^^^^^ help: if this is intentional, prefix it with an underscore: `_available_data`

warning: unused variable: `available_data`
  --> /home/jeff/Nextcloud/Development/v4.savaged.us/savaged-libs/src/setting/mod.rs:55:9
   |
55 |         available_data: GameDataPackage,
   |         ^^^^^^^^^^^^^^ help: if this is intentional, prefix it with an underscore: `_available_data`

warning: unused variable: `book_list`
   --> /home/jeff/Nextcloud/Development/v4.savaged.us/savaged-libs/src/user.rs:452:9
    |
452 |         book_list: &Option<Vec<Book>>,
    |         ^^^^^^^^^ help: if this is intentional, prefix it with an underscore: `_book_list`

warning: unused variable: `item_created_by`
   --> /home/jeff/Nextcloud/Development/v4.savaged.us/savaged-libs/src/user.rs:453:9
    |
453 |         item_created_by: u32,
    |         ^^^^^^^^^^^^^^^ help: if this is intentional, prefix it with an underscore: `_item_created_by`

warning: unused variable: `item_book_id`
   --> /home/jeff/Nextcloud/Development/v4.savaged.us/savaged-libs/src/user.rs:454:9
    |
454 |         item_book_id: u32,
    |         ^^^^^^^^^^^^ help: if this is intentional, prefix it with an underscore: `_item_book_id`

warning: `savaged-libs` (lib) generated 13 warnings
warning: unused import: `crate::components::lds_roller::LDSRoller`
 --> /home/jeff/Nextcloud/Development/v4.savaged.us/front-end/src/components/menu_main.rs:8:5
  |
8 | use crate::components::lds_roller::LDSRoller;
  |     ^^^^^^^^^^^^^^^^^^^^^^^^^^^^^^^^^^^^^^^^
  |
  = note: `#[warn(unused_imports)]` on by default

warning: unused import: `gloo_console::log`
 --> /home/jeff/Nextcloud/Development/v4.savaged.us/front-end/src/components/admin/admin_table_ownership_badge.rs:2:5
  |
2 | use gloo_console::log;
  |     ^^^^^^^^^^^^^^^^^

warning: unused imports: `AdminPagingStatistics`, `FetchAdminParameters`
 --> /home/jeff/Nextcloud/Development/v4.savaged.us/front-end/src/components/admin/admin_table_ownership_badge.rs:3:33
  |
3 | use savaged_libs::{admin_libs::{AdminPagingStatistics, FetchAdminParameters}, public_user_info::PublicUserInfo};
  |                                 ^^^^^^^^^^^^^^^^^^^^^  ^^^^^^^^^^^^^^^^^^^^

warning: unused imports: `input_text::InputText`, `nbsp::Nbsp`
 --> /home/jeff/Nextcloud/Development/v4.savaged.us/front-end/src/components/admin/admin_table_ownership_badge.rs:4:31
  |
4 | use standard_components::ui::{nbsp::Nbsp, input_text::InputText};
  |                               ^^^^^^^^^^  ^^^^^^^^^^^^^^^^^^^^^

warning: unused import: `stdweb::web::event::SelectionChangeEvent`
 --> /home/jeff/Nextcloud/Development/v4.savaged.us/front-end/src/components/admin/admin_table_ownership_badge.rs:5:5
  |
5 | use stdweb::web::event::SelectionChangeEvent;
  |     ^^^^^^^^^^^^^^^^^^^^^^^^^^^^^^^^^^^^^^^^

warning: unused import: `gloo_console::log`
  --> /home/jeff/Nextcloud/Development/v4.savaged.us/front-end/src/libs/fetch_api.rs:17:5
   |
17 | use gloo_console::log;
   |     ^^^^^^^^^^^^^^^^^

warning: unused import: `savaged_libs::admin_libs::FetchAdminParameters`
 --> /home/jeff/Nextcloud/Development/v4.savaged.us/front-end/src/libs/admin_api.rs:3:5
  |
3 | use savaged_libs::admin_libs::FetchAdminParameters;
  |     ^^^^^^^^^^^^^^^^^^^^^^^^^^^^^^^^^^^^^^^^^^^^^^

warning: unused import: `yew::prelude::*`
 --> /home/jeff/Nextcloud/Development/v4.savaged.us/front-end/src/libs/admin_api.rs:4:5
  |
4 | use yew::prelude::*;
  |     ^^^^^^^^^^^^^^^

warning: unused import: `savaged_libs::user::User`
 --> /home/jeff/Nextcloud/Development/v4.savaged.us/front-end/src/libs/admin_api.rs:9:5
  |
9 | use savaged_libs::user::User;
  |     ^^^^^^^^^^^^^^^^^^^^^^^^

warning: unused import: `web_sys::File`
  --> /home/jeff/Nextcloud/Development/v4.savaged.us/front-end/src/libs/admin_api.rs:11:5
   |
11 | use web_sys::File;
   |     ^^^^^^^^^^^^^

warning: unused import: `web_sys::FormData`
  --> /home/jeff/Nextcloud/Development/v4.savaged.us/front-end/src/libs/admin_api.rs:12:5
   |
12 | use web_sys::FormData;
   |     ^^^^^^^^^^^^^^^^^

warning: unused import: `web_sys::Blob`
  --> /home/jeff/Nextcloud/Development/v4.savaged.us/front-end/src/libs/admin_api.rs:13:5
   |
13 | use web_sys::Blob;
   |     ^^^^^^^^^^^^^

warning: unused imports: `Deserialize`, `Serialize`
  --> /home/jeff/Nextcloud/Development/v4.savaged.us/front-end/src/libs/admin_api.rs:14:13
   |
14 | use serde::{Serialize, Deserialize};
   |             ^^^^^^^^^  ^^^^^^^^^^^

warning: unused import: `wasm_bindgen_futures::spawn_local`
  --> /home/jeff/Nextcloud/Development/v4.savaged.us/front-end/src/libs/admin_api.rs:15:5
   |
15 | use wasm_bindgen_futures::spawn_local;
   |     ^^^^^^^^^^^^^^^^^^^^^^^^^^^^^^^^^

warning: unused import: `gloo_utils::format::JsValueSerdeExt`
  --> /home/jeff/Nextcloud/Development/v4.savaged.us/front-end/src/libs/admin_api.rs:16:5
   |
16 | use gloo_utils::format::JsValueSerdeExt;
   |     ^^^^^^^^^^^^^^^^^^^^^^^^^^^^^^^^^^^

warning: unused import: `savaged_libs::user::UserUpdateResult`
  --> /home/jeff/Nextcloud/Development/v4.savaged.us/front-end/src/libs/admin_api.rs:17:5
   |
17 | use savaged_libs::user::UserUpdateResult;
   |     ^^^^^^^^^^^^^^^^^^^^^^^^^^^^^^^^^^^^

warning: unused import: `gloo_console::error`
  --> /home/jeff/Nextcloud/Development/v4.savaged.us/front-end/src/libs/admin_api.rs:18:5
   |
18 | use gloo_console::error;
   |     ^^^^^^^^^^^^^^^^^^^

warning: unused import: `gloo_console::log`
  --> /home/jeff/Nextcloud/Development/v4.savaged.us/front-end/src/libs/admin_api.rs:19:5
   |
19 | use gloo_console::log;
   |     ^^^^^^^^^^^^^^^^^

warning: unused import: `crate::libs::global_vars::GlobalVars`
  --> /home/jeff/Nextcloud/Development/v4.savaged.us/front-end/src/libs/admin_api.rs:20:5
   |
20 | use crate::libs::global_vars::GlobalVars;
   |     ^^^^^^^^^^^^^^^^^^^^^^^^^^^^^^^^^^^^

warning: unused import: `serde_json::Error`
  --> /home/jeff/Nextcloud/Development/v4.savaged.us/front-end/src/libs/admin_api.rs:21:5
   |
21 | use serde_json::Error;
   |     ^^^^^^^^^^^^^^^^^

warning: unused imports: `Message`, `futures::WebSocket`
 --> /home/jeff/Nextcloud/Development/v4.savaged.us/front-end/src/libs/global_vars.rs:7:5
  |
7 |     Message,
  |     ^^^^^^^
8 |     futures::WebSocket,
  |     ^^^^^^^^^^^^^^^^^^

warning: unused import: `crate::components::confirmation_dialog::ConfirmationDialogDefinition`
  --> /home/jeff/Nextcloud/Development/v4.savaged.us/front-end/src/pages/user/login.rs:11:5
   |
11 | use crate::components::confirmation_dialog::ConfirmationDialogDefinition;
   |     ^^^^^^^^^^^^^^^^^^^^^^^^^^^^^^^^^^^^^^^^^^^^^^^^^^^^^^^^^^^^^^^^^^^^

warning: unused import: `crate::components::confirmation_dialog::ConfirmationDialogDefinition`
 --> /home/jeff/Nextcloud/Development/v4.savaged.us/front-end/src/pages/user/settings_public.rs:7:5
  |
7 | use crate::components::confirmation_dialog::ConfirmationDialogDefinition;
  |     ^^^^^^^^^^^^^^^^^^^^^^^^^^^^^^^^^^^^^^^^^^^^^^^^^^^^^^^^^^^^^^^^^^^^

warning: unused import: `crate::components::confirmation_dialog::ConfirmationDialogDefinition`
  --> /home/jeff/Nextcloud/Development/v4.savaged.us/front-end/src/pages/user/settings_private.rs:14:5
   |
14 | use crate::components::confirmation_dialog::ConfirmationDialogDefinition;
   |     ^^^^^^^^^^^^^^^^^^^^^^^^^^^^^^^^^^^^^^^^^^^^^^^^^^^^^^^^^^^^^^^^^^^^

warning: unused import: `gloo_console::log`
  --> /home/jeff/Nextcloud/Development/v4.savaged.us/front-end/src/pages/user/settings_devices.rs:11:5
   |
11 | use gloo_console::log;
   |     ^^^^^^^^^^^^^^^^^

warning: unused import: `crate::components::confirmation_dialog::ConfirmationDialogDefinition`
 --> /home/jeff/Nextcloud/Development/v4.savaged.us/front-end/src/pages/user/subscription.rs:8:5
  |
8 | use crate::components::confirmation_dialog::ConfirmationDialogDefinition;
  |     ^^^^^^^^^^^^^^^^^^^^^^^^^^^^^^^^^^^^^^^^^^^^^^^^^^^^^^^^^^^^^^^^^^^^

warning: unused import: `crate::components::confirmation_dialog::ConfirmationDialogDefinition`
 --> /home/jeff/Nextcloud/Development/v4.savaged.us/front-end/src/pages/user/notifications.rs:9:5
  |
9 | use crate::components::confirmation_dialog::ConfirmationDialogDefinition;
  |     ^^^^^^^^^^^^^^^^^^^^^^^^^^^^^^^^^^^^^^^^^^^^^^^^^^^^^^^^^^^^^^^^^^^^

warning: unused import: `log`
  --> /home/jeff/Nextcloud/Development/v4.savaged.us/front-end/src/pages/user/notifications.rs:14:28
   |
14 | use gloo_console::{ error, log };
   |                            ^^^

warning: unused import: `crate::components::confirmation_dialog::ConfirmationDialogDefinition`
 --> /home/jeff/Nextcloud/Development/v4.savaged.us/front-end/src/pages/user/forgot_password.rs:8:5
  |
8 | use crate::components::confirmation_dialog::ConfirmationDialogDefinition;
  |     ^^^^^^^^^^^^^^^^^^^^^^^^^^^^^^^^^^^^^^^^^^^^^^^^^^^^^^^^^^^^^^^^^^^^

warning: unused import: `crate::components::confirmation_dialog::ConfirmationDialogDefinition`
 --> /home/jeff/Nextcloud/Development/v4.savaged.us/front-end/src/pages/user/register.rs:9:5
  |
9 | use crate::components::confirmation_dialog::ConfirmationDialogDefinition;
  |     ^^^^^^^^^^^^^^^^^^^^^^^^^^^^^^^^^^^^^^^^^^^^^^^^^^^^^^^^^^^^^^^^^^^^

warning: unused import: `crate::components::confirmation_dialog::ConfirmationDialogDefinition`
 --> /home/jeff/Nextcloud/Development/v4.savaged.us/front-end/src/pages/user/saves/view/mod.rs:1:5
  |
1 | use crate::components::confirmation_dialog::ConfirmationDialogDefinition;
  |     ^^^^^^^^^^^^^^^^^^^^^^^^^^^^^^^^^^^^^^^^^^^^^^^^^^^^^^^^^^^^^^^^^^^^

warning: unused import: `savaged_libs::save_db_row::SaveDBRow`
 --> /home/jeff/Nextcloud/Development/v4.savaged.us/front-end/src/pages/user/saves/mod.rs:5:5
  |
5 | use savaged_libs::save_db_row::SaveDBRow;
  |     ^^^^^^^^^^^^^^^^^^^^^^^^^^^^^^^^^^^^

warning: unused import: `function_component`
  --> /home/jeff/Nextcloud/Development/v4.savaged.us/front-end/src/pages/user/saves/mod.rs:11:11
   |
11 | use yew::{function_component, html};
   |           ^^^^^^^^^^^^^^^^^^

warning: unused import: `standard_components::libs::local_storage_shortcuts::get_local_storage_string`
  --> /home/jeff/Nextcloud/Development/v4.savaged.us/front-end/src/pages/user/saves/mod.rs:15:5
   |
15 | use standard_components::libs::local_storage_shortcuts::get_local_storage_string;
   |     ^^^^^^^^^^^^^^^^^^^^^^^^^^^^^^^^^^^^^^^^^^^^^^^^^^^^^^^^^^^^^^^^^^^^^^^^^^^^

warning: unused import: `crate::components::confirmation_dialog::ConfirmationDialogDefinition`
  --> /home/jeff/Nextcloud/Development/v4.savaged.us/front-end/src/pages/user/saves/mod.rs:16:5
   |
16 | use crate::components::confirmation_dialog::ConfirmationDialogDefinition;
   |     ^^^^^^^^^^^^^^^^^^^^^^^^^^^^^^^^^^^^^^^^^^^^^^^^^^^^^^^^^^^^^^^^^^^^

warning: unused imports: `TertiaryMenuItem`, `TertiaryMenu`
  --> /home/jeff/Nextcloud/Development/v4.savaged.us/front-end/src/pages/user/saves/mod.rs:19:5
   |
19 |     TertiaryMenuItem,
   |     ^^^^^^^^^^^^^^^^
20 |     TertiaryMenu
   |     ^^^^^^^^^^^^

warning: unused import: `crate::components::ui_page::UIPage`
  --> /home/jeff/Nextcloud/Development/v4.savaged.us/front-end/src/pages/user/saves/mod.rs:22:5
   |
22 | use crate::components::ui_page::UIPage;
   |     ^^^^^^^^^^^^^^^^^^^^^^^^^^^^^^^^^^

warning: unused import: `crate::main_app::SubmenuData`
  --> /home/jeff/Nextcloud/Development/v4.savaged.us/front-end/src/pages/user/saves/mod.rs:23:5
   |
23 | use crate::main_app::SubmenuData;
   |     ^^^^^^^^^^^^^^^^^^^^^^^^^^^^

warning: unused import: `standard_components::ui::nbsp::Nbsp`
  --> /home/jeff/Nextcloud/Development/v4.savaged.us/front-end/src/pages/user/saves/mod.rs:24:5
   |
24 | use standard_components::ui::nbsp::Nbsp;
   |     ^^^^^^^^^^^^^^^^^^^^^^^^^^^^^^^^^^^

warning: unused import: `gloo_console::log`
  --> /home/jeff/Nextcloud/Development/v4.savaged.us/front-end/src/pages/user/saves/mod.rs:32:5
   |
32 | use gloo_console::log;
   |     ^^^^^^^^^^^^^^^^^

warning: unused imports: `AnyHistory`, `History`, `MemoryHistory`
  --> /home/jeff/Nextcloud/Development/v4.savaged.us/front-end/src/pages/user/mod.rs:15:27
   |
15 | use yew_router::history::{AnyHistory, History, MemoryHistory};
   |                           ^^^^^^^^^^  ^^^^^^^  ^^^^^^^^^^^^^

warning: unused import: `function_component`
  --> /home/jeff/Nextcloud/Development/v4.savaged.us/front-end/src/pages/user/mod.rs:17:11
   |
17 | use yew::{function_component, html};
   |           ^^^^^^^^^^^^^^^^^^

warning: unused import: `crate::components::confirmation_dialog::ConfirmationDialogDefinition`
  --> /home/jeff/Nextcloud/Development/v4.savaged.us/front-end/src/pages/user/mod.rs:22:5
   |
22 | use crate::components::confirmation_dialog::ConfirmationDialogDefinition;
   |     ^^^^^^^^^^^^^^^^^^^^^^^^^^^^^^^^^^^^^^^^^^^^^^^^^^^^^^^^^^^^^^^^^^^^

warning: unused import: `crate::main_app::SubmenuData`
  --> /home/jeff/Nextcloud/Development/v4.savaged.us/front-end/src/pages/user/mod.rs:24:5
   |
24 | use crate::main_app::SubmenuData;
   |     ^^^^^^^^^^^^^^^^^^^^^^^^^^^^

warning: unused import: `standard_components::ui::nbsp::Nbsp`
  --> /home/jeff/Nextcloud/Development/v4.savaged.us/front-end/src/pages/user/mod.rs:25:5
   |
25 | use standard_components::ui::nbsp::Nbsp;
   |     ^^^^^^^^^^^^^^^^^^^^^^^^^^^^^^^^^^^

warning: unused import: `savaged_libs::save_db_row::SaveDBRow`
 --> /home/jeff/Nextcloud/Development/v4.savaged.us/front-end/src/pages/admin/game_data/mod.rs:4:5
  |
4 | use savaged_libs::save_db_row::SaveDBRow;
  |     ^^^^^^^^^^^^^^^^^^^^^^^^^^^^^^^^^^^^

warning: unused import: `function_component`
 --> /home/jeff/Nextcloud/Development/v4.savaged.us/front-end/src/pages/admin/game_data/mod.rs:8:11
  |
8 | use yew::{function_component, html};
  |           ^^^^^^^^^^^^^^^^^^

warning: unused import: `standard_components::libs::local_storage_shortcuts::set_local_storage_string`
  --> /home/jeff/Nextcloud/Development/v4.savaged.us/front-end/src/pages/admin/game_data/mod.rs:11:5
   |
11 | use standard_components::libs::local_storage_shortcuts::set_local_storage_string;
   |     ^^^^^^^^^^^^^^^^^^^^^^^^^^^^^^^^^^^^^^^^^^^^^^^^^^^^^^^^^^^^^^^^^^^^^^^^^^^^

warning: unused import: `standard_components::libs::local_storage_shortcuts::get_local_storage_string`
  --> /home/jeff/Nextcloud/Development/v4.savaged.us/front-end/src/pages/admin/game_data/mod.rs:12:5
   |
12 | use standard_components::libs::local_storage_shortcuts::get_local_storage_string;
   |     ^^^^^^^^^^^^^^^^^^^^^^^^^^^^^^^^^^^^^^^^^^^^^^^^^^^^^^^^^^^^^^^^^^^^^^^^^^^^

warning: unused import: `crate::components::confirmation_dialog::ConfirmationDialogDefinition`
  --> /home/jeff/Nextcloud/Development/v4.savaged.us/front-end/src/pages/admin/game_data/mod.rs:13:5
   |
13 | use crate::components::confirmation_dialog::ConfirmationDialogDefinition;
   |     ^^^^^^^^^^^^^^^^^^^^^^^^^^^^^^^^^^^^^^^^^^^^^^^^^^^^^^^^^^^^^^^^^^^^

warning: unused imports: `TertiaryMenuItem`, `TertiaryMenu`
  --> /home/jeff/Nextcloud/Development/v4.savaged.us/front-end/src/pages/admin/game_data/mod.rs:16:5
   |
16 |     TertiaryMenuItem,
   |     ^^^^^^^^^^^^^^^^
17 |     TertiaryMenu
   |     ^^^^^^^^^^^^

warning: unused import: `crate::components::ui_page::UIPage`
  --> /home/jeff/Nextcloud/Development/v4.savaged.us/front-end/src/pages/admin/game_data/mod.rs:19:5
   |
19 | use crate::components::ui_page::UIPage;
   |     ^^^^^^^^^^^^^^^^^^^^^^^^^^^^^^^^^^

warning: unused import: `crate::main_app::SubmenuData`
  --> /home/jeff/Nextcloud/Development/v4.savaged.us/front-end/src/pages/admin/game_data/mod.rs:20:5
   |
20 | use crate::main_app::SubmenuData;
   |     ^^^^^^^^^^^^^^^^^^^^^^^^^^^^

warning: unused import: `standard_components::ui::nbsp::Nbsp`
  --> /home/jeff/Nextcloud/Development/v4.savaged.us/front-end/src/pages/admin/game_data/mod.rs:21:5
   |
21 | use standard_components::ui::nbsp::Nbsp;
   |     ^^^^^^^^^^^^^^^^^^^^^^^^^^^^^^^^^^^

warning: unused import: `gloo_console::log`
  --> /home/jeff/Nextcloud/Development/v4.savaged.us/front-end/src/pages/admin/game_data/mod.rs:29:5
   |
29 | use gloo_console::log;
   |     ^^^^^^^^^^^^^^^^^

warning: unused import: `gloo_console::error`
  --> /home/jeff/Nextcloud/Development/v4.savaged.us/front-end/src/web_sockets/mod.rs:12:5
   |
12 | use gloo_console::error;
   |     ^^^^^^^^^^^^^^^^^^^

warning: value assigned to `submenu` is never read
  --> /home/jeff/Nextcloud/Development/v4.savaged.us/front-end/src/components/menu_main.rs:25:13
   |
25 |     let mut submenu = html!{<></>};
   |             ^^^^^^^
   |
   = help: maybe it is overwritten before being read?
   = note: `#[warn(unused_assignments)]` on by default

warning: unused variable: `nv`
  --> /home/jeff/Nextcloud/Development/v4.savaged.us/front-end/src/components/admin/book_select.rs:44:17
   |
44 |             let nv = onchange.clone();
   |                 ^^ help: if this is intentional, prefix it with an underscore: `_nv`
   |
   = note: `#[warn(unused_variables)]` on by default

warning: value assigned to `current_user_string` is never read
   --> /home/jeff/Nextcloud/Development/v4.savaged.us/front-end/src/libs/fetch_api.rs:103:13
    |
103 |     let mut current_user_string = "".to_owned();
    |             ^^^^^^^^^^^^^^^^^^^
    |
    = help: maybe it is overwritten before being read?

warning: unused variable: `ctx`
  --> /home/jeff/Nextcloud/Development/v4.savaged.us/front-end/src/pages/main_home.rs:23:9
   |
23 |         ctx: &Context<Self>
   |         ^^^ help: if this is intentional, prefix it with an underscore: `_ctx`

warning: value assigned to `form` is never read
   --> /home/jeff/Nextcloud/Development/v4.savaged.us/front-end/src/pages/user/saves/edit/mod.rs:420:25
    |
420 |                 let mut form = html!{<></>};
    |                         ^^^^
    |
    = help: maybe it is overwritten before being read?

warning: unused variable: `ctx`
  --> /home/jeff/Nextcloud/Development/v4.savaged.us/front-end/src/pages/user/saves/view/mod.rs:56:20
   |
56 |         &mut self, ctx: &Context<Self>,
   |                    ^^^ help: if this is intentional, prefix it with an underscore: `_ctx`

warning: unused variable: `save`
  --> /home/jeff/Nextcloud/Development/v4.savaged.us/front-end/src/pages/user/saves/view/mod.rs:85:17
   |
85 |         let mut save: Option<SaveDBRow> = None;
   |                 ^^^^ help: if this is intentional, prefix it with an underscore: `_save`

warning: unused variable: `ctx`
  --> /home/jeff/Nextcloud/Development/v4.savaged.us/front-end/src/pages/user/saves/list.rs:64:20
   |
64 |         &mut self, ctx: &Context<Self>,
   |                    ^^^ help: if this is intentional, prefix it with an underscore: `_ctx`

warning: unused variable: `save_uuid`
   --> /home/jeff/Nextcloud/Development/v4.savaged.us/front-end/src/pages/user/saves/list.rs:519:25
    |
519 |                     let save_uuid = save.uuid.clone();
    |                         ^^^^^^^^^ help: if this is intentional, prefix it with an underscore: `_save_uuid`

warning: unused variable: `ctx`
   --> /home/jeff/Nextcloud/Development/v4.savaged.us/front-end/src/pages/user/saves/mod.rs:123:20
    |
123 |         &mut self, ctx: &Context<Self>,
    |                    ^^^ help: if this is intentional, prefix it with an underscore: `_ctx`

warning: unused variable: `update_global_vars`
   --> /home/jeff/Nextcloud/Development/v4.savaged.us/front-end/src/pages/user/saves/mod.rs:156:13
    |
156 |         let update_global_vars = ctx.props().global_vars.update_global_vars.clone();
    |             ^^^^^^^^^^^^^^^^^^ help: if this is intentional, prefix it with an underscore: `_update_global_vars`

warning: unused variable: `open_confirmation_dialog`
   --> /home/jeff/Nextcloud/Development/v4.savaged.us/front-end/src/pages/user/saves/mod.rs:157:13
    |
157 |         let open_confirmation_dialog = ctx.props().global_vars.open_confirmation_dialog.clone();
    |             ^^^^^^^^^^^^^^^^^^^^^^^^ help: if this is intentional, prefix it with an underscore: `_open_confirmation_dialog`

warning: unused variable: `update_global_vars`
   --> /home/jeff/Nextcloud/Development/v4.savaged.us/front-end/src/pages/user/mod.rs:182:13
    |
182 |         let update_global_vars = ctx.props().global_vars.update_global_vars.clone();
    |             ^^^^^^^^^^^^^^^^^^ help: if this is intentional, prefix it with an underscore: `_update_global_vars`

warning: unused variable: `open_confirmation_dialog`
   --> /home/jeff/Nextcloud/Development/v4.savaged.us/front-end/src/pages/user/mod.rs:183:13
    |
183 |         let open_confirmation_dialog = ctx.props().global_vars.open_confirmation_dialog.clone();
    |             ^^^^^^^^^^^^^^^^^^^^^^^^ help: if this is intentional, prefix it with an underscore: `_open_confirmation_dialog`

warning: unused variable: `ctx`
  --> /home/jeff/Nextcloud/Development/v4.savaged.us/front-end/src/pages/admin/game_data/mod.rs:95:20
   |
95 |         &mut self, ctx: &Context<Self>,
   |                    ^^^ help: if this is intentional, prefix it with an underscore: `_ctx`

warning: unused variable: `e`
  --> /home/jeff/Nextcloud/Development/v4.savaged.us/front-end/src/web_sockets/mod.rs:86:25
   |
86 |                     Err(e) => {
   |                         ^ help: if this is intentional, prefix it with an underscore: `_e`

warning: variable does not need to be mutable
   --> /home/jeff/Nextcloud/Development/v4.savaged.us/front-end/src/pages/user/saves/edit/mod.rs:432:29
    |
432 |                         let mut save_as_new_callback : Option<Callback<bool>> = None;
    |                             ----^^^^^^^^^^^^^^^^^^^^
    |                             |
    |                             help: remove this `mut`
    |
    = note: `#[warn(unused_mut)]` on by default

warning: variable does not need to be mutable
  --> /home/jeff/Nextcloud/Development/v4.savaged.us/front-end/src/pages/user/saves/view/mod.rs:85:13
   |
85 |         let mut save: Option<SaveDBRow> = None;
   |             ----^^^^
   |             |
   |             help: remove this `mut`

warning: variants `ChangeFilter` and `ChangeFolder` are never constructed
   --> /home/jeff/Nextcloud/Development/v4.savaged.us/front-end/src/pages/user/saves/mod.rs:104:5
    |
103 | pub enum UserSavesRouterMessage {
    |          ---------------------- variants in this enum
104 |     ChangeFilter(String),
    |     ^^^^^^^^^^^^
105 |     ChangeFolder(String),
    |     ^^^^^^^^^^^^
    |
    = note: `#[warn(dead_code)]` on by default

warning: variants `ChangeFolder` and `AddHindrance` are never constructed
  --> /home/jeff/Nextcloud/Development/v4.savaged.us/front-end/src/pages/user/saves/edit/mod.rs:35:5
   |
34 | pub enum UserSavesEditMessage {
   |          -------------------- variants in this enum
35 |     ChangeFolder(String),
   |     ^^^^^^^^^^^^
...
39 |     AddHindrance(bool),
   |     ^^^^^^^^^^^^

warning: variants `ChangeFilter` and `ChangeFolder` are never constructed
  --> /home/jeff/Nextcloud/Development/v4.savaged.us/front-end/src/pages/user/saves/view/mod.rs:20:5
   |
19 | pub enum UserSavesViewMessage {
   |          -------------------- variants in this enum
20 |     ChangeFilter(String),
   |     ^^^^^^^^^^^^
21 |     ChangeFolder(String),
   |     ^^^^^^^^^^^^

warning: `savaged-front-end` (lib) generated 77 warnings
warning: unused import: `savaged_libs::save_db_row::SaveDBRow`
 --> src/api/auth.rs:4:5
  |
4 | use savaged_libs::save_db_row::SaveDBRow;
  |     ^^^^^^^^^^^^^^^^^^^^^^^^^^^^^^^^^^^^
  |
  = note: `#[warn(unused_imports)]` on by default

warning: unused import: `std::fs`
 --> src/api/auth.rs:5:5
  |
5 | use std::fs;
  |     ^^^^^^^

warning: unused import: `std::path`
 --> src/api/auth.rs:6:5
  |
6 | use std::path;
  |     ^^^^^^^^^

warning: unused import: `crate::db::saves::get_user_saves`
  --> src/api/auth.rs:28:5
   |
28 | use crate::db::saves::get_user_saves;
   |     ^^^^^^^^^^^^^^^^^^^^^^^^^^^^^^^^

warning: unused import: `crate::utils::encrypt_password`
  --> src/api/auth.rs:29:5
   |
29 | use crate::utils::encrypt_password;
   |     ^^^^^^^^^^^^^^^^^^^^^^^^^^^^^^

warning: unused import: `update_user_login_tokens`
  --> src/api/auth.rs:36:5
   |
36 |     update_user_login_tokens,
   |     ^^^^^^^^^^^^^^^^^^^^^^^^

warning: unused imports: `LoginToken`, `UserUpdateResult`
  --> src/api/auth.rs:42:51
   |
42 | use savaged_libs::user::{ LoginTokenResult, User, LoginToken, UserUpdateResult };
   |                                                   ^^^^^^^^^^  ^^^^^^^^^^^^^^^^

warning: unused import: `get`
 --> src/api/data/game_data.rs:4:5
  |
4 |     get,
  |     ^^^

warning: unused import: `crate::db::books::get_books`
 --> src/api/data/books.rs:1:5
  |
1 | use crate::db::books::get_books;
  |     ^^^^^^^^^^^^^^^^^^^^^^^^^^^

warning: unused import: `mysql::Pool`
 --> src/api/data/books.rs:2:5
  |
2 | use mysql::Pool;
  |     ^^^^^^^^^^^

warning: unused imports: `get`, `web::Data`, `web::Json`
 --> src/api/data/books.rs:4:5
  |
4 |     get,
  |     ^^^
5 |     web::Json,
  |     ^^^^^^^^^
6 |     web::Data,
  |     ^^^^^^^^^

warning: unused import: `savaged_libs::book::Book`
 --> src/api/data/books.rs:9:5
  |
9 | use savaged_libs::book::Book;
  |     ^^^^^^^^^^^^^^^^^^^^^^^^

warning: unused import: `actix_web::cookie::time::PrimitiveDateTime`
 --> src/db/users.rs:2:5
  |
2 | use actix_web::cookie::time::PrimitiveDateTime;
  |     ^^^^^^^^^^^^^^^^^^^^^^^^^^^^^^^^^^^^^^^^^^

warning: unused imports: `GenericImage`, `ImageFormat`
  --> src/utils.rs:12:44
   |
12 | use image::{DynamicImage, EncodableLayout, GenericImage, GenericImageView, ImageFormat}; // Using image crate: https://github.com/image-r...
   |                                            ^^^^^^^^^^^^                    ^^^^^^^^^^^

warning: unused imports: `PixelLayout`, `WebPImage`
  --> src/utils.rs:13:21
   |
13 | use webp::{Encoder, PixelLayout, WebPImage, WebPMemory}; // Using webp crate: https://github.com/jaredforth/webp
   |                     ^^^^^^^^^^^  ^^^^^^^^^

warning: unused import: `log::Log`
 --> src/web_sockets/handle_message.rs:2:5
  |
2 | use log::Log;
  |     ^^^^^^^^

warning: unused import: `utils::send_standard_email`
 --> src/web_sockets/handle_message.rs:8:138
  |
8 | ..._data::get_game_data_package, saves::get_user_saves}, utils::send_standard_email};
  |                                                          ^^^^^^^^^^^^^^^^^^^^^^^^^^

warning: unused import: `tokio::task`
 --> src/web_sockets/handle_message.rs:9:5
  |
9 | use tokio::task;
  |     ^^^^^^^^^^^

warning: unused import: `chrono::prelude::*`
  --> src/web_sockets/handle_message.rs:10:5
   |
10 | use chrono::prelude::*;
   |     ^^^^^^^^^^^^^^^^^^

warning: unreachable pattern
   --> src/web_sockets/handle_message.rs:242:9
    |
238 |         _ => {
    |         - matches any value
...
242 |         WebsocketMessageType::Offline => {
    |         ^^^^^^^^^^^^^^^^^^^^^^^^^^^^^ unreachable pattern
    |
    = note: `#[warn(unreachable_patterns)]` on by default

warning: unreachable pattern
   --> src/web_sockets/handle_message.rs:253:9
    |
238 |         _ => {
    |         - matches any value
...
253 |         _ => {
    |         ^ unreachable pattern

warning: variable `do_notify_admins` is assigned to, but never used
   --> src/api/user.rs:309:29
    |
309 |                     let mut do_notify_admins = false;
    |                             ^^^^^^^^^^^^^^^^
    |
    = note: consider using `_do_notify_admins` instead
    = note: `#[warn(unused_variables)]` on by default

warning: value assigned to `do_notify_admins` is never read
   --> src/api/user.rs:311:25
    |
311 |                         do_notify_admins = true;
    |                         ^^^^^^^^^^^^^^^^
    |
    = help: maybe it is overwritten before being read?
    = note: `#[warn(unused_assignments)]` on by default

warning: value assigned to `new_encrypted_pass` is never read
   --> src/api/user.rs:315:33
    |
315 |                         let mut new_encrypted_pass: Option<String> = None;
    |                                 ^^^^^^^^^^^^^^^^^^
    |
    = help: maybe it is overwritten before being read?

warning: unused variable: `err`
   --> src/db/users.rs:287:14
    |
287 |         Err( err ) => {
    |              ^^^ help: if this is intentional, prefix it with an underscore: `_err`

warning: unused variable: `err`
   --> src/db/users.rs:352:14
    |
352 |         Err( err ) => {
    |              ^^^ help: if this is intentional, prefix it with an underscore: `_err`

warning: unused variable: `err`
   --> src/db/users.rs:629:14
    |
629 |         Err( err ) => {
    |              ^^^ help: if this is intentional, prefix it with an underscore: `_err`

warning: unused variable: `updated_on`
  --> src/db/books.rs:13:5
   |
13 |     updated_on: Option<DateTime<Utc>>,
   |     ^^^^^^^^^^ help: if this is intentional, prefix it with an underscore: `_updated_on`

warning: unused variable: `updated_on`
  --> src/db/saves.rs:15:5
   |
15 |     updated_on: Option<DateTime<Utc>>,
   |     ^^^^^^^^^^ help: if this is intentional, prefix it with an underscore: `_updated_on`

warning: value assigned to `data_level` is never read
  --> src/db/game_data.rs:79:13
   |
79 |     let mut data_level: GameDataPackageLevel = GameDataPackageLevel::Anonymous;
   |             ^^^^^^^^^^
   |
   = help: maybe it is overwritten before being read?

warning: unused variable: `updated_on`
   --> src/db/game_data.rs:110:5
    |
110 |     updated_on: Option<DateTime<Utc>>,
    |     ^^^^^^^^^^ help: if this is intentional, prefix it with an underscore: `_updated_on`

warning: value assigned to `email_from_address` is never read
  --> src/utils.rs:44:13
   |
44 |     let mut email_from_address = "".to_owned();
   |             ^^^^^^^^^^^^^^^^^^
   |
   = help: maybe it is overwritten before being read?

warning: value assigned to `email_from_name` is never read
  --> src/utils.rs:45:13
   |
45 |     let mut email_from_name = "".to_owned();
   |             ^^^^^^^^^^^^^^^
   |
   = help: maybe it is overwritten before being read?

warning: value assigned to `smtp_host` is never read
   --> src/utils.rs:115:13
    |
115 |     let mut smtp_host = "".to_string();
    |             ^^^^^^^^^
    |
    = help: maybe it is overwritten before being read?

warning: value assigned to `smtp_username` is never read
   --> src/utils.rs:125:13
    |
125 |     let mut smtp_username = "".to_string();
    |             ^^^^^^^^^^^^^
    |
    = help: maybe it is overwritten before being read?

warning: value assigned to `smtp_password` is never read
   --> src/utils.rs:136:13
    |
136 |     let mut smtp_password = "".to_string();
    |             ^^^^^^^^^^^^^
    |
    = help: maybe it is overwritten before being read?

warning: value assigned to `smtp_port` is never read
   --> src/utils.rs:147:13
    |
147 |     let mut smtp_port: u16 = 587;
    |             ^^^^^^^^^
    |
    = help: maybe it is overwritten before being read?

warning: value assigned to `config_site_title` is never read
   --> src/utils.rs:321:13
    |
321 |     let mut config_site_title = "".to_string();
    |             ^^^^^^^^^^^^^^^^^
    |
    = help: maybe it is overwritten before being read?

warning: value assigned to `config_live_host` is never read
   --> src/utils.rs:332:13
    |
332 |     let mut config_live_host = "".to_string();
    |             ^^^^^^^^^^^^^^^^
    |
    = help: maybe it is overwritten before being read?

warning: variable does not need to be mutable
   --> src/db/users.rs:199:29
    |
199 |                         let mut user = make_user_from_row( row, "".to_owned() );
    |                             ----^^^^
    |                             |
    |                             help: remove this `mut`
    |
    = note: `#[warn(unused_mut)]` on by default

warning: variable does not need to be mutable
   --> src/db/users.rs:232:9
    |
232 |     let mut data_query = format!("
    |         ----^^^^^^^^^^
    |         |
    |         help: remove this `mut`

warning: variable does not need to be mutable
  --> src/db/utils.rs:98:21
   |
98 |                 for mut field in search_fields.iter() {
   |                     ----^^^^^
   |                     |
   |                     help: remove this `mut`

warning: variable does not need to be mutable
  --> src/db/saves.rs:19:9
   |
19 |     let mut data_query = format!(
   |         ----^^^^^^^^^^
   |         |
   |         help: remove this `mut`

warning: function `send_standard_email` is never used
  --> src/utils.rs:37:14
   |
37 | pub async fn send_standard_email(
   |              ^^^^^^^^^^^^^^^^^^^
   |
   = note: `#[warn(dead_code)]` on by default

warning: function `send_email` is never used
   --> src/utils.rs:103:14
    |
103 | pub async fn send_email (
    |              ^^^^^^^^^^

warning: fields `remote_ip` and `remote_browser` are never read
  --> src/web_sockets/mod.rs:31:5
   |
27 | pub struct ServerWebsocket {
   |            --------------- fields in this struct
...
31 |     remote_ip: String,
   |     ^^^^^^^^^
32 |     remote_browser: String,
   |     ^^^^^^^^^^^^^^

warning: `savaged-server` (bin "savaged-server") generated 46 warnings
    Finished release [optimized] target(s) in 0.43s
     Running `target/release/savaged-server`
[2023-01-16T20:36:20Z INFO  actix_server::builder] Starting 4 workers
[2023-01-16T20:36:20Z INFO  actix_server::server] Actix runtime found; starting in Actix runtime
thread 'actix-rt|system:0|arbiter:0' panicked at 'called `Result::unwrap()` on an `Err` value: Error("invalid type: sequence, expected a string", line: 1, column: 513)', src/db/banners.rs:27:84
stack backtrace:
   0: rust_begin_unwind
             at /rustc/69f9c33d71c871fc16ac445211281c6e7a340943/library/std/src/panicking.rs:575:5
   1: core::panicking::panic_fmt
             at /rustc/69f9c33d71c871fc16ac445211281c6e7a340943/library/core/src/panicking.rs:65:14
   2: core::result::unwrap_failed
             at /rustc/69f9c33d71c871fc16ac445211281c6e7a340943/library/core/src/result.rs:1791:5
   3: <core::iter::adapters::map::Map<I,F> as core::iter::traits::iterator::Iterator>::try_fold
   4: mysql::conn::queryable::Queryable::query_map
   5: savaged_server::db::banners::get_banners
   6: <core::future::from_generator::GenFuture<T> as core::future::future::Future>::poll
   7: <core::future::from_generator::GenFuture<T> as core::future::future::Future>::poll
   8: <actix_web::middleware::logger::LoggerResponse<S,B> as core::future::future::Future>::poll
   9: <core::future::from_generator::GenFuture<T> as core::future::future::Future>::poll
  10: actix_http::h1::dispatcher::InnerDispatcher<T,S,B,X,U>::poll_request
  11: <actix_http::h1::dispatcher::Dispatcher<T,S,B,X,U> as core::future::future::Future>::poll
  12: <actix_service::and_then::AndThenServiceResponse<A,B,Req> as core::future::future::Future>::poll
  13: <core::future::from_generator::GenFuture<T> as core::future::future::Future>::poll
  14: tokio::runtime::task::core::Core<T,S>::poll
  15: tokio::runtime::task::harness::Harness<T,S>::poll
  16: tokio::task::local::LocalSet::tick
  17: std::thread::local::LocalKey<T>::with
  18: <core::future::from_generator::GenFuture<T> as core::future::future::Future>::poll
  19: tokio::runtime::scheduler::current_thread::Context::enter
  20: tokio::macros::scoped_tls::ScopedKey<T>::set
  21: tokio::runtime::scheduler::current_thread::CurrentThread::block_on
  22: tokio::runtime::runtime::Runtime::block_on
note: Some details are omitted, run with `RUST_BACKTRACE=full` for a verbose backtrace.
thread 'actix-rt|system:0|arbiter:1' panicked at 'called `Result::unwrap()` on an `Err` value: Error("invalid type: sequence, expected a string", line: 1, column: 513)', src/db/banners.rs:27:84
stack backtrace:
   0: rust_begin_unwind
             at /rustc/69f9c33d71c871fc16ac445211281c6e7a340943/library/std/src/panicking.rs:575:5
   1: core::panicking::panic_fmt
             at /rustc/69f9c33d71c871fc16ac445211281c6e7a340943/library/core/src/panicking.rs:65:14
   2: core::result::unwrap_failed
             at /rustc/69f9c33d71c871fc16ac445211281c6e7a340943/library/core/src/result.rs:1791:5
   3: <core::iter::adapters::map::Map<I,F> as core::iter::traits::iterator::Iterator>::try_fold
   4: mysql::conn::queryable::Queryable::query_map
   5: savaged_server::db::banners::get_banners
   6: <core::future::from_generator::GenFuture<T> as core::future::future::Future>::poll
   7: <core::future::from_generator::GenFuture<T> as core::future::future::Future>::poll
   8: <actix_web::middleware::logger::LoggerResponse<S,B> as core::future::future::Future>::poll
   9: <core::future::from_generator::GenFuture<T> as core::future::future::Future>::poll
  10: actix_http::h1::dispatcher::InnerDispatcher<T,S,B,X,U>::poll_request
  11: <actix_http::h1::dispatcher::Dispatcher<T,S,B,X,U> as core::future::future::Future>::poll
  12: <actix_service::and_then::AndThenServiceResponse<A,B,Req> as core::future::future::Future>::poll
  13: <core::future::from_generator::GenFuture<T> as core::future::future::Future>::poll
  14: tokio::runtime::task::core::Core<T,S>::poll
  15: tokio::runtime::task::harness::Harness<T,S>::poll
  16: tokio::task::local::LocalSet::tick
  17: std::thread::local::LocalKey<T>::with
  18: <core::future::from_generator::GenFuture<T> as core::future::future::Future>::poll
  19: tokio::runtime::scheduler::current_thread::Context::enter
  20: tokio::macros::scoped_tls::ScopedKey<T>::set
  21: tokio::runtime::scheduler::current_thread::CurrentThread::block_on
  22: tokio::runtime::runtime::Runtime::block_on
note: Some details are omitted, run with `RUST_BACKTRACE=full` for a verbose backtrace.
thread 'actix-rt|system:0|arbiter:2' panicked at 'called `Result::unwrap()` on an `Err` value: Error("invalid type: sequence, expected a string", line: 1, column: 513)', src/db/banners.rs:27:84
stack backtrace:
   0: rust_begin_unwind
             at /rustc/69f9c33d71c871fc16ac445211281c6e7a340943/library/std/src/panicking.rs:575:5
   1: core::panicking::panic_fmt
             at /rustc/69f9c33d71c871fc16ac445211281c6e7a340943/library/core/src/panicking.rs:65:14
   2: core::result::unwrap_failed
             at /rustc/69f9c33d71c871fc16ac445211281c6e7a340943/library/core/src/result.rs:1791:5
   3: <core::iter::adapters::map::Map<I,F> as core::iter::traits::iterator::Iterator>::try_fold
   4: mysql::conn::queryable::Queryable::query_map
   5: savaged_server::db::banners::get_banners
   6: <core::future::from_generator::GenFuture<T> as core::future::future::Future>::poll
   7: <core::future::from_generator::GenFuture<T> as core::future::future::Future>::poll
   8: <actix_web::middleware::logger::LoggerResponse<S,B> as core::future::future::Future>::poll
   9: <core::future::from_generator::GenFuture<T> as core::future::future::Future>::poll
  10: actix_http::h1::dispatcher::InnerDispatcher<T,S,B,X,U>::poll_request
  11: <actix_http::h1::dispatcher::Dispatcher<T,S,B,X,U> as core::future::future::Future>::poll
  12: <actix_service::and_then::AndThenServiceResponse<A,B,Req> as core::future::future::Future>::poll
  13: <core::future::from_generator::GenFuture<T> as core::future::future::Future>::poll
  14: tokio::runtime::task::core::Core<T,S>::poll
  15: tokio::runtime::task::harness::Harness<T,S>::poll
  16: tokio::task::local::LocalSet::tick
  17: std::thread::local::LocalKey<T>::with
  18: <core::future::from_generator::GenFuture<T> as core::future::future::Future>::poll
  19: tokio::runtime::scheduler::current_thread::Context::enter
  20: tokio::macros::scoped_tls::ScopedKey<T>::set
  21: tokio::runtime::scheduler::current_thread::CurrentThread::block_on
  22: tokio::runtime::runtime::Runtime::block_on
note: Some details are omitted, run with `RUST_BACKTRACE=full` for a verbose backtrace.
thread 'actix-rt|system:0|arbiter:3' panicked at 'called `Result::unwrap()` on an `Err` value: Error("invalid type: sequence, expected a string", line: 1, column: 513)', src/db/banners.rs:27:84
stack backtrace:
   0: rust_begin_unwind
             at /rustc/69f9c33d71c871fc16ac445211281c6e7a340943/library/std/src/panicking.rs:575:5
   1: core::panicking::panic_fmt
             at /rustc/69f9c33d71c871fc16ac445211281c6e7a340943/library/core/src/panicking.rs:65:14
   2: core::result::unwrap_failed
             at /rustc/69f9c33d71c871fc16ac445211281c6e7a340943/library/core/src/result.rs:1791:5
   3: <core::iter::adapters::map::Map<I,F> as core::iter::traits::iterator::Iterator>::try_fold
   4: mysql::conn::queryable::Queryable::query_map
   5: savaged_server::db::banners::get_banners
   6: <core::future::from_generator::GenFuture<T> as core::future::future::Future>::poll
   7: <core::future::from_generator::GenFuture<T> as core::future::future::Future>::poll
   8: <actix_web::middleware::logger::LoggerResponse<S,B> as core::future::future::Future>::poll
   9: <core::future::from_generator::GenFuture<T> as core::future::future::Future>::poll
  10: actix_http::h1::dispatcher::InnerDispatcher<T,S,B,X,U>::poll_request
  11: <actix_http::h1::dispatcher::Dispatcher<T,S,B,X,U> as core::future::future::Future>::poll
  12: <actix_service::and_then::AndThenServiceResponse<A,B,Req> as core::future::future::Future>::poll
  13: <core::future::from_generator::GenFuture<T> as core::future::future::Future>::poll
  14: tokio::runtime::task::core::Core<T,S>::poll
  15: tokio::runtime::task::harness::Harness<T,S>::poll
  16: tokio::task::local::LocalSet::tick
  17: std::thread::local::LocalKey<T>::with
  18: <core::future::from_generator::GenFuture<T> as core::future::future::Future>::poll
  19: tokio::runtime::scheduler::current_thread::Context::enter
  20: tokio::macros::scoped_tls::ScopedKey<T>::set
  21: tokio::runtime::scheduler::current_thread::CurrentThread::block_on
  22: tokio::runtime::runtime::Runtime::block_on
note: Some details are omitted, run with `RUST_BACKTRACE=full` for a verbose backtrace.
thread 'actix-rt|system:0|arbiter:0' panicked at 'called `Result::unwrap()` on an `Err` value: Error("invalid type: sequence, expected a string", line: 1, column: 513)', src/db/banners.rs:27:84
stack backtrace:
   0: rust_begin_unwind
             at /rustc/69f9c33d71c871fc16ac445211281c6e7a340943/library/std/src/panicking.rs:575:5
   1: core::panicking::panic_fmt
             at /rustc/69f9c33d71c871fc16ac445211281c6e7a340943/library/core/src/panicking.rs:65:14
   2: core::result::unwrap_failed
             at /rustc/69f9c33d71c871fc16ac445211281c6e7a340943/library/core/src/result.rs:1791:5
   3: <core::iter::adapters::map::Map<I,F> as core::iter::traits::iterator::Iterator>::try_fold
   4: mysql::conn::queryable::Queryable::query_map
   5: savaged_server::db::banners::get_banners
   6: <core::future::from_generator::GenFuture<T> as core::future::future::Future>::poll
   7: <core::future::from_generator::GenFuture<T> as core::future::future::Future>::poll
   8: <actix_web::middleware::logger::LoggerResponse<S,B> as core::future::future::Future>::poll
   9: <core::future::from_generator::GenFuture<T> as core::future::future::Future>::poll
  10: actix_http::h1::dispatcher::InnerDispatcher<T,S,B,X,U>::poll_request
  11: <actix_http::h1::dispatcher::Dispatcher<T,S,B,X,U> as core::future::future::Future>::poll
  12: <actix_service::and_then::AndThenServiceResponse<A,B,Req> as core::future::future::Future>::poll
  13: <core::future::from_generator::GenFuture<T> as core::future::future::Future>::poll
  14: tokio::runtime::task::core::Core<T,S>::poll
  15: tokio::runtime::task::harness::Harness<T,S>::poll
  16: tokio::task::local::LocalSet::tick
  17: std::thread::local::LocalKey<T>::with
  18: <core::future::from_generator::GenFuture<T> as core::future::future::Future>::poll
  19: tokio::runtime::scheduler::current_thread::Context::enter
  20: tokio::macros::scoped_tls::ScopedKey<T>::set
  21: tokio::runtime::scheduler::current_thread::CurrentThread::block_on
  22: tokio::runtime::runtime::Runtime::block_on
note: Some details are omitted, run with `RUST_BACKTRACE=full` for a verbose backtrace.
thread 'actix-rt|system:0|arbiter:1' panicked at 'called `Result::unwrap()` on an `Err` value: Error("invalid type: sequence, expected a string", line: 1, column: 513)', src/db/banners.rs:27:84
stack backtrace:
   0: rust_begin_unwind
             at /rustc/69f9c33d71c871fc16ac445211281c6e7a340943/library/std/src/panicking.rs:575:5
   1: core::panicking::panic_fmt
             at /rustc/69f9c33d71c871fc16ac445211281c6e7a340943/library/core/src/panicking.rs:65:14
   2: core::result::unwrap_failed
             at /rustc/69f9c33d71c871fc16ac445211281c6e7a340943/library/core/src/result.rs:1791:5
   3: <core::iter::adapters::map::Map<I,F> as core::iter::traits::iterator::Iterator>::try_fold
   4: mysql::conn::queryable::Queryable::query_map
   5: savaged_server::db::banners::get_banners
   6: <core::future::from_generator::GenFuture<T> as core::future::future::Future>::poll
   7: <core::future::from_generator::GenFuture<T> as core::future::future::Future>::poll
   8: <actix_web::middleware::logger::LoggerResponse<S,B> as core::future::future::Future>::poll
   9: <core::future::from_generator::GenFuture<T> as core::future::future::Future>::poll
  10: actix_http::h1::dispatcher::InnerDispatcher<T,S,B,X,U>::poll_request
  11: <actix_http::h1::dispatcher::Dispatcher<T,S,B,X,U> as core::future::future::Future>::poll
  12: <actix_service::and_then::AndThenServiceResponse<A,B,Req> as core::future::future::Future>::poll
  13: <core::future::from_generator::GenFuture<T> as core::future::future::Future>::poll
  14: tokio::runtime::task::core::Core<T,S>::poll
  15: tokio::runtime::task::harness::Harness<T,S>::poll
  16: tokio::task::local::LocalSet::tick
  17: std::thread::local::LocalKey<T>::with
  18: <core::future::from_generator::GenFuture<T> as core::future::future::Future>::poll
  19: tokio::runtime::scheduler::current_thread::Context::enter
  20: tokio::macros::scoped_tls::ScopedKey<T>::set
  21: tokio::runtime::scheduler::current_thread::CurrentThread::block_on
  22: tokio::runtime::runtime::Runtime::block_on
note: Some details are omitted, run with `RUST_BACKTRACE=full` for a verbose backtrace.
thread 'actix-rt|system:0|arbiter:2' panicked at 'called `Result::unwrap()` on an `Err` value: Error("invalid type: sequence, expected a string", line: 1, column: 513)', src/db/banners.rs:27:84
stack backtrace:
   0: rust_begin_unwind
             at /rustc/69f9c33d71c871fc16ac445211281c6e7a340943/library/std/src/panicking.rs:575:5
   1: core::panicking::panic_fmt
             at /rustc/69f9c33d71c871fc16ac445211281c6e7a340943/library/core/src/panicking.rs:65:14
   2: core::result::unwrap_failed
             at /rustc/69f9c33d71c871fc16ac445211281c6e7a340943/library/core/src/result.rs:1791:5
   3: <core::iter::adapters::map::Map<I,F> as core::iter::traits::iterator::Iterator>::try_fold
   4: mysql::conn::queryable::Queryable::query_map
   5: savaged_server::db::banners::get_banners
   6: <core::future::from_generator::GenFuture<T> as core::future::future::Future>::poll
   7: <core::future::from_generator::GenFuture<T> as core::future::future::Future>::poll
   8: <actix_web::middleware::logger::LoggerResponse<S,B> as core::future::future::Future>::poll
   9: <core::future::from_generator::GenFuture<T> as core::future::future::Future>::poll
  10: actix_http::h1::dispatcher::InnerDispatcher<T,S,B,X,U>::poll_request
  11: <actix_http::h1::dispatcher::Dispatcher<T,S,B,X,U> as core::future::future::Future>::poll
  12: <actix_service::and_then::AndThenServiceResponse<A,B,Req> as core::future::future::Future>::poll
  13: <core::future::from_generator::GenFuture<T> as core::future::future::Future>::poll
  14: tokio::runtime::task::core::Core<T,S>::poll
  15: tokio::runtime::task::harness::Harness<T,S>::poll
  16: tokio::task::local::LocalSet::tick
  17: std::thread::local::LocalKey<T>::with
  18: <core::future::from_generator::GenFuture<T> as core::future::future::Future>::poll
  19: tokio::runtime::scheduler::current_thread::Context::enter
  20: tokio::macros::scoped_tls::ScopedKey<T>::set
  21: tokio::runtime::scheduler::current_thread::CurrentThread::block_on
  22: tokio::runtime::runtime::Runtime::block_on
note: Some details are omitted, run with `RUST_BACKTRACE=full` for a verbose backtrace.
thread 'actix-rt|system:0|arbiter:3' panicked at 'called `Result::unwrap()` on an `Err` value: Error("invalid type: sequence, expected a string", line: 1, column: 513)', src/db/banners.rs:27:84
stack backtrace:
   0: rust_begin_unwind
             at /rustc/69f9c33d71c871fc16ac445211281c6e7a340943/library/std/src/panicking.rs:575:5
   1: core::panicking::panic_fmt
             at /rustc/69f9c33d71c871fc16ac445211281c6e7a340943/library/core/src/panicking.rs:65:14
   2: core::result::unwrap_failed
             at /rustc/69f9c33d71c871fc16ac445211281c6e7a340943/library/core/src/result.rs:1791:5
   3: <core::iter::adapters::map::Map<I,F> as core::iter::traits::iterator::Iterator>::try_fold
   4: mysql::conn::queryable::Queryable::query_map
   5: savaged_server::db::banners::get_banners
   6: <core::future::from_generator::GenFuture<T> as core::future::future::Future>::poll
   7: <core::future::from_generator::GenFuture<T> as core::future::future::Future>::poll
   8: <actix_web::middleware::logger::LoggerResponse<S,B> as core::future::future::Future>::poll
   9: <core::future::from_generator::GenFuture<T> as core::future::future::Future>::poll
  10: actix_http::h1::dispatcher::InnerDispatcher<T,S,B,X,U>::poll_request
  11: <actix_http::h1::dispatcher::Dispatcher<T,S,B,X,U> as core::future::future::Future>::poll
  12: <actix_service::and_then::AndThenServiceResponse<A,B,Req> as core::future::future::Future>::poll
  13: <core::future::from_generator::GenFuture<T> as core::future::future::Future>::poll
  14: tokio::runtime::task::core::Core<T,S>::poll
  15: tokio::runtime::task::harness::Harness<T,S>::poll
  16: tokio::task::local::LocalSet::tick
  17: std::thread::local::LocalKey<T>::with
  18: <core::future::from_generator::GenFuture<T> as core::future::future::Future>::poll
  19: tokio::runtime::scheduler::current_thread::Context::enter
  20: tokio::macros::scoped_tls::ScopedKey<T>::set
  21: tokio::runtime::scheduler::current_thread::CurrentThread::block_on
  22: tokio::runtime::runtime::Runtime::block_on
note: Some details are omitted, run with `RUST_BACKTRACE=full` for a verbose backtrace.
thread 'actix-rt|system:0|arbiter:0' panicked at 'called `Result::unwrap()` on an `Err` value: Error("invalid type: sequence, expected a string", line: 1, column: 513)', src/db/banners.rs:27:84
stack backtrace:
   0: rust_begin_unwind
             at /rustc/69f9c33d71c871fc16ac445211281c6e7a340943/library/std/src/panicking.rs:575:5
   1: core::panicking::panic_fmt
             at /rustc/69f9c33d71c871fc16ac445211281c6e7a340943/library/core/src/panicking.rs:65:14
   2: core::result::unwrap_failed
             at /rustc/69f9c33d71c871fc16ac445211281c6e7a340943/library/core/src/result.rs:1791:5
   3: <core::iter::adapters::map::Map<I,F> as core::iter::traits::iterator::Iterator>::try_fold
   4: mysql::conn::queryable::Queryable::query_map
   5: savaged_server::db::banners::get_banners
   6: <core::future::from_generator::GenFuture<T> as core::future::future::Future>::poll
   7: <core::future::from_generator::GenFuture<T> as core::future::future::Future>::poll
   8: <actix_web::middleware::logger::LoggerResponse<S,B> as core::future::future::Future>::poll
   9: <core::future::from_generator::GenFuture<T> as core::future::future::Future>::poll
  10: actix_http::h1::dispatcher::InnerDispatcher<T,S,B,X,U>::poll_request
  11: <actix_http::h1::dispatcher::Dispatcher<T,S,B,X,U> as core::future::future::Future>::poll
  12: <actix_service::and_then::AndThenServiceResponse<A,B,Req> as core::future::future::Future>::poll
  13: <core::future::from_generator::GenFuture<T> as core::future::future::Future>::poll
  14: tokio::runtime::task::core::Core<T,S>::poll
  15: tokio::runtime::task::harness::Harness<T,S>::poll
  16: tokio::task::local::LocalSet::tick
  17: std::thread::local::LocalKey<T>::with
  18: <core::future::from_generator::GenFuture<T> as core::future::future::Future>::poll
  19: tokio::runtime::scheduler::current_thread::Context::enter
  20: tokio::macros::scoped_tls::ScopedKey<T>::set
  21: tokio::runtime::scheduler::current_thread::CurrentThread::block_on
  22: tokio::runtime::runtime::Runtime::block_on
note: Some details are omitted, run with `RUST_BACKTRACE=full` for a verbose backtrace.
thread 'actix-rt|system:0|arbiter:1' panicked at 'called `Result::unwrap()` on an `Err` value: Error("invalid type: sequence, expected a string", line: 1, column: 513)', src/db/banners.rs:27:84
stack backtrace:
   0: rust_begin_unwind
             at /rustc/69f9c33d71c871fc16ac445211281c6e7a340943/library/std/src/panicking.rs:575:5
   1: core::panicking::panic_fmt
             at /rustc/69f9c33d71c871fc16ac445211281c6e7a340943/library/core/src/panicking.rs:65:14
   2: core::result::unwrap_failed
             at /rustc/69f9c33d71c871fc16ac445211281c6e7a340943/library/core/src/result.rs:1791:5
   3: <core::iter::adapters::map::Map<I,F> as core::iter::traits::iterator::Iterator>::try_fold
   4: mysql::conn::queryable::Queryable::query_map
   5: savaged_server::db::banners::get_banners
   6: <core::future::from_generator::GenFuture<T> as core::future::future::Future>::poll
   7: <core::future::from_generator::GenFuture<T> as core::future::future::Future>::poll
   8: <actix_web::middleware::logger::LoggerResponse<S,B> as core::future::future::Future>::poll
   9: <core::future::from_generator::GenFuture<T> as core::future::future::Future>::poll
  10: actix_http::h1::dispatcher::InnerDispatcher<T,S,B,X,U>::poll_request
  11: <actix_http::h1::dispatcher::Dispatcher<T,S,B,X,U> as core::future::future::Future>::poll
  12: <actix_service::and_then::AndThenServiceResponse<A,B,Req> as core::future::future::Future>::poll
  13: <core::future::from_generator::GenFuture<T> as core::future::future::Future>::poll
  14: tokio::runtime::task::core::Core<T,S>::poll
  15: tokio::runtime::task::harness::Harness<T,S>::poll
  16: tokio::task::local::LocalSet::tick
  17: std::thread::local::LocalKey<T>::with
  18: <core::future::from_generator::GenFuture<T> as core::future::future::Future>::poll
  19: tokio::runtime::scheduler::current_thread::Context::enter
  20: tokio::macros::scoped_tls::ScopedKey<T>::set
  21: tokio::runtime::scheduler::current_thread::CurrentThread::block_on
  22: tokio::runtime::runtime::Runtime::block_on
note: Some details are omitted, run with `RUST_BACKTRACE=full` for a verbose backtrace.
[2023-01-16T20:38:03Z INFO  actix_server::server] SIGINT received; starting forced shutdown
[2023-01-16T20:38:03Z DEBUG actix_server::accept] Paused accepting connections on 127.0.0.1:5001
[2023-01-16T20:38:03Z INFO  actix_server::accept] Accept thread stopped
[2023-01-16T20:38:03Z INFO  actix_server::worker] Shutting down idle worker
[2023-01-16T20:38:03Z INFO  actix_server::worker] Shutting down idle worker
[2023-01-16T20:38:03Z INFO  actix_server::worker] Shutting down idle worker
[2023-01-16T20:38:03Z INFO  actix_server::worker] Shutting down idle worker
